MSG: --------- EXPERIMENT 'ExperimentOne'
MSG: --------- EXPERIMENT 'ExperimentTwo'
MSG: --------- EXPERIMENT 'ExperimentThree'
MSG: --------- EXPERIMENT 'ExperimentFour'
MSG: --------- EXPERIMENT 'ExperimentFive'
MSG: --------- EXPERIMENT 'ExperimentSix'
MSG: --------- EXPERIMENT 'ExperimentSeven'
MSG: --------- EXPERIMENT 'ExperimentEight'
MSG: --------- EXPERIMENT 'ExperimentNine'
MSG: --------- EXPERIMENT 'ExperimentTen'
MSG: --------- EXPERIMENT 'ExperimentEleven'
MSG: --------- EXPERIMENT 'ExperimentTwelve'
MSG: --------- EXPERIMENT 'ExperimentThirteen'
MSG: --------- EXPERIMENT 'ExperimentFourteen'
MSG: --------- EXPERIMENT 'ExperimentFifteen'
MSG: --------- EXPERIMENT 'ExperimentSixteen'
MSG: --------- EXPERIMENT 'ExperimentSeventeen'
MSG: --------- EXPERIMENT 'ExperimentEighteen'
MSG: --------- EXPERIMENT 'ExperimentNineteen'
MSG: --------- EXPERIMENT 'ExperimentTwenty'
MSG: --------- EXPERIMENT 'ExperimentTwentyOne'
MSG: --------- EXPERIMENT 'ExperimentTwentyTwo'
MSG: --------- EXPERIMENT 'ExperimentTwentyThree'
MSG: 
TIME = 261.64 sec

MSG: CHECKING TIME = 13692.46 sec

MSG: Model no. 1 found:
MSG: > Interaction vector: 
MSG: ['Tcf3', 'Esrrb_CM12018771', '-']['Tcf3', 'Esrrb_CM12018772', '-']['Tcf3', 'Esrrb_CM12018795', '-']['Tcf3', 'Esrrb_CM12018796', '-']['Sall4', 'Sox2_CM03005876', '+']['Sall4', 'Sox2_CM03005877', '+']['Esrrb', 'Klf2', '-']['Esrrb', 'Klf4', '+']['Esrrb', 'Nanog', '+']['Esrrb', 'Tbx3', '+']['Esrrb', 'Tfcp2l1', '+']['Klf2', 'Klf4', '+']['Klf4', 'Klf2', '+']['Klf2', 'Nanog', '+']['Nanog', 'Klf2', '+']['Oct4', 'Klf2', '+']['Klf2', 'Tbx3', '-']['Tbx3', 'Klf2', '-']['Klf2', 'Tfcp2l1', '-']['Tfcp2l1', 'Klf2', '-']['Gbx2', 'Klf2', '-']['Klf2', 'Sall4', '+']['Sall4', 'Klf2', '+']['Klf2', 'Tcf3', '+']['Tcf3', 'Klf2', '+']['Klf4', 'Tbx3', '+']['Tbx3', 'Klf4', '+']['Klf4', 'Tfcp2l1', '+']['Tfcp2l1', 'Klf4', '+']['Gbx2', 'Klf4', '+']['Oct4', 'Nanog', '+']['Nanog', 'Tfcp2l1', '+']['Tfcp2l1', 'Nanog', '+']['Sox2', 'Nanog', '+']['Oct4', 'Tfcp2l1', '-']['Oct4', 'Tcf3', '+']['Tbx3', 'Tfcp2l1', '+']['Tfcp2l1', 'Tbx3', '+']['Gbx2', 'Tbx3', '+']['Tbx3', 'Sall4', '+']['Sall4', 'Tbx3', '+']['Tbx3', 'Tcf3', '-']['Tcf3', 'Tbx3', '-']['Sox2', 'Tbx3', '+']['Tfcp2l1', 'Sall4', '+']['Sall4', 'Tfcp2l1', '+']['Stat3', 'Tcf3', '-']['Sox2', 'Sall4', '+']['Tcf3', 'Nanog', '+']['Nanog', 'Tcf3', '+']['Klf2', 'Esrrb_CM12018796', '-']['Klf4', 'Esrrb_CM12018796', '+']['Nanog', 'Esrrb_CM12018772', '+']['Nanog', 'Esrrb_CM12018795', '+']['Oct4', 'Esrrb_CM12018772', '-']['Oct4', 'Esrrb_CM12018796', '-']['Stat3', 'Esrrb_CM12018771', '+']['Klf2', 'Oct4_CM17006876', '+']['Klf2', 'Oct4_CM17006877', '+']['Nanog', 'Oct4_CM17006876', '+']['Nanog', 'Sox2_CM03005876', '+']['Nanog', 'Sox2_CM03005877', '+']['Oct4', 'Gbx2_CM01018070', '-']['Oct4', 'Gbx2_CM01018072', '-']['Sox2', 'Stat3_CM11023938', '-']['Gbx2_CM01018070', 'Gbx2', '+']['Gbx2_CM01018071', 'Gbx2', '+']['Gbx2_CM01018072', 'Gbx2', '+']['Esrrb_CM12018771', 'Esrrb', '+']['Esrrb_CM12018772', 'Esrrb', '+']['Esrrb_CM12018795', 'Esrrb', '+']['Esrrb_CM12018796', 'Esrrb', '+']['Sox2_CM03005876', 'Sox2', '+']['Sox2_CM03005877', 'Sox2', '+']['Oct4_CM17006875', 'Oct4', '+']['Oct4_CM17006876', 'Oct4', '+']['Oct4_CM17006877', 'Oct4', '+']['Stat3_CM11023938', 'Stat3', '+']['Stat3_CM11023939', 'Stat3', '+']
	selected_interactions = 1101010000001110000001000000000101000100111010000000100011100100011111111111111
MSG: > GRFs: 
	grf_Tcf3 = 16
	grf_MEKERK = 16
	grf_Oct4 = 2
	grf_Sall4 = 2
	grf_Sox2 = 2
	grf_Tbx3 = 4
	grf_Klf2 = 12
	grf_Nanog = 4
	grf_Esrrb = 2
	grf_Tfcp2l1 = 1
	grf_Gbx2 = 6
	grf_Klf4 = 0
	grf_Stat3 = 4
	grf_PD = 8
	grf_CH = 10
	grf_LIF = 8
	grf_Oct4_CM17006877 = 12
	grf_Oct4_CM17006876 = 16
	grf_Oct4_CM17006875 = 17
	grf_Sox2_CM03005877 = 10
	grf_Sox2_CM03005876 = 16
	grf_Esrrb_CM12018796 = 15
	grf_Esrrb_CM12018795 = 16
	grf_Esrrb_CM12018772 = 5
	grf_Esrrb_CM12018771 = 15
	grf_Gbx2_CM01018072 = 6
	grf_Gbx2_CM01018071 = 15
	grf_Gbx2_CM01018070 = 8
	grf_Stat3_CM11023939 = 17
	grf_Stat3_CM11023938 = 13
MSG: ____________________________________

MSG: 
TIME = 1783386.27 sec

MSG: CHECKING TI