MSG: --------- EXPERIMENT 'ExperimentOne'
MSG: --------- EXPERIMENT 'ExperimentTwo'
MSG: --------- EXPERIMENT 'ExperimentThree'
MSG: --------- EXPERIMENT 'ExperimentFour'
MSG: --------- EXPERIMENT 'ExperimentFive'
MSG: --------- EXPERIMENT 'ExperimentSix'
MSG: --------- EXPERIMENT 'ExperimentSeven'
MSG: --------- EXPERIMENT 'ExperimentEight'
MSG: --------- EXPERIMENT 'ExperimentNine'
MSG: --------- EXPERIMENT 'ExperimentTen'
MSG: --------- EXPERIMENT 'ExperimentEleven'
MSG: --------- EXPERIMENT 'ExperimentTwelve'
MSG: --------- EXPERIMENT 'ExperimentThirteen'
MSG: --------- EXPERIMENT 'ExperimentFourteen'
MSG: --------- EXPERIMENT 'ExperimentFifteen'
MSG: --------- EXPERIMENT 'ExperimentSixteen'
MSG: --------- EXPERIMENT 'ExperimentSeventeen'
MSG: --------- EXPERIMENT 'ExperimentEighteen'
MSG: --------- EXPERIMENT 'ExperimentNineteen'
MSG: --------- EXPERIMENT 'ExperimentTwenty'
MSG: --------- EXPERIMENT 'ExperimentTwentyOne'
MSG: --------- EXPERIMENT 'ExperimentTwentyTwo'
MSG: --------- EXPERIMENT 'ExperimentTwentyThree'
MSG: 
TIME = 130.78 sec

MSG: CHECKING TIME = 697.42 sec

MSG: Model no. 1 found:
MSG: > Interaction vector: 
MSG: ['Esrrb', 'Klf2', '-']['Klf2', 'Esrrb', '-']['Esrrb', 'Klf4', '+']['Klf4', 'Esrrb', '+']['Esrrb', 'Nanog', '+']['Nanog', 'Esrrb', '+']['Esrrb', 'Oct4', '-']['Oct4', 'Esrrb', '-']['Esrrb', 'Tbx3', '+']['Tbx3', 'Esrrb', '+']['Esrrb', 'Tfcp2l1', '+']['Tfcp2l1', 'Esrrb', '+']['Esrrb', 'Stat3', '+']['Stat3', 'Esrrb', '+']['Esrrb', 'Gbx2', '+']['Gbx2', 'Esrrb', '+']['Klf2', 'Klf4', '+']['Klf4', 'Klf2', '+']['Klf2', 'Nanog', '+']['Nanog', 'Klf2', '+']['Klf2', 'Oct4', '+']['Oct4', 'Klf2', '+']['Klf2', 'Tbx3', '-']['Tbx3', 'Klf2', '-']['Klf2', 'Tfcp2l1', '-']['Tfcp2l1', 'Klf2', '-']['Klf2', 'Gbx2', '-']['Gbx2', 'Klf2', '-']['Klf2', 'Sall4', '+']['Sall4', 'Klf2', '+']['Klf2', 'Tcf3', '+']['Tcf3', 'Klf2', '+']['Klf4', 'Tbx3', '+']['Tbx3', 'Klf4', '+']['Klf4', 'Tfcp2l1', '+']['Tfcp2l1', 'Klf4', '+']['Klf4', 'Gbx2', '+']['Gbx2', 'Klf4', '+']['Nanog', 'Oct4', '+']['Oct4', 'Nanog', '+']['Nanog', 'Tfcp2l1', '+']['Tfcp2l1', 'Nanog', '+']['Nanog', 'Sox2', '+']['Sox2', 'Nanog', '+']['Oct4', 'Tfcp2l1', '-']['Tfcp2l1', 'Oct4', '-']['Oct4', 'Gbx2', '-']['Gbx2', 'Oct4', '-']['Oct4', 'Tcf3', '+']['Tcf3', 'Oct4', '+']['Tbx3', 'Tfcp2l1', '+']['Tfcp2l1', 'Tbx3', '+']['Tbx3', 'Gbx2', '+']['Gbx2', 'Tbx3', '+']['Tbx3', 'Sall4', '+']['Sall4', 'Tbx3', '+']['Tbx3', 'Tcf3', '-']['Tcf3', 'Tbx3', '-']['Tbx3', 'Sox2', '+']['Sox2', 'Tbx3', '+']['Tfcp2l1', 'Sall4', '+']['Sall4', 'Tfcp2l1', '+']['Stat3', 'Tcf3', '-']['Tcf3', 'Stat3', '-']['Stat3', 'Sox2', '-']['Sox2', 'Stat3', '-']['Sall4', 'Sox2', '+']['Sox2', 'Sall4', '+']['Tcf3', 'Nanog', '+']['Nanog', 'Tcf3', '+']
	selected_interactions = 0000010110110000011010000000010010100101001110000000010001001000001000
MSG: > GRFs: 
	grf_Tcf3 = 16
	grf_MEKERK = 16
	grf_Oct4 = 7
	grf_Sall4 = 5
	grf_Sox2 = 15
	grf_Tbx3 = 1
	grf_Klf2 = 7
	grf_Nanog = 4
	grf_Esrrb = 4
	grf_Tfcp2l1 = 3
	grf_Gbx2 = 4
	grf_Klf4 = 5
	grf_Stat3 = 4
	grf_PD = 0
	grf_CH = 11
	grf_LIF = 7
MSG: ____________________________________

MSG: 
TIME = 170617.31 sec

MSG: CHECKING TIME = 104654.55 sec

MSG: Model no. 2 found:
MSG: > Interaction vector: 
MSG: ['Esrrb', 'Klf2', '-']['Klf2', 'Esrrb', '-']['Esrrb', 'Klf4', '+']['Klf4', 'Esrrb', '+']['Esrrb', 'Nanog', '+']['Nanog', 'Esrrb', '+']['Esrrb', 'Oct4', '-']['Oct4', 'Esrrb', '-']['Esrrb', 'Tbx3', '+']['Tbx3', 'Esrrb', '+']['Esrrb', 'Tfcp2l1', '+']['Tfcp2l1', 'Esrrb', '+']['Esrrb', 'Stat3', '+']['Stat3', 'Esrrb', '+']['Esrrb', 'Gbx2', '+']['Gbx2', 'Esrrb', '+']['Klf2', 'Klf4', '+']['Klf4', 'Klf2', '+']['Klf2', 'Nanog', '+']['Nanog', 'Klf2', '+']['Klf2', 'Oct4', '+']['Oct4', 'Klf2', '+']['Klf2', 'Tbx3', '-']['Tbx3', 'Klf2', '-']['Klf2', 'Tfcp2l1', '-']['Tfcp2l1', 'Klf2', '-']['Klf2', 'Gbx2', '-']['Gbx2', 'Klf2', '-']['Klf2', 'Sall4', '+']['Sall4', 'Klf2', '+']['Klf2', 'Tcf3', '+']['Tcf3', 'Klf2', '+']['Klf4', 'Tbx3', '+']['Tbx3', 'Klf4', '+']['Klf4', 'Tfcp2l1', '+']['Tfcp2l1', 'Klf4', '+']['Klf4', 'Gbx2', '+']['Gbx2', 'Klf4', '+']['Nanog', 'Oct4', '+']['Oct4', 'Nanog', '+']['Nanog', 'Tfcp2l1', '+']['Tfcp2l1', 'Nanog', '+']['Nanog', 'Sox2', '+']['Sox2', 'Nanog', '+']['Oct4', 'Tfcp2l1', '-']['Tfcp2l1', 'Oct4', '-']['Oct4', 'Gbx2', '-']['Gbx2', 'Oct4', '-']['Oct4', 'Tcf3', '+']['Tcf3', 'Oct4', '+']['Tbx3', 'Tfcp2l1', '+']['Tfcp2l1', 'Tbx3', '+']['Tbx3', 'Gbx2', '+']['Gbx2', 'Tbx3', '+']['Tbx3', 'Sall4', '+']['Sall4', 'Tbx3', '+']['Tbx3', 'Tcf3', '-']['Tcf3', 'Tbx3', '-']['Tbx3', 'Sox2', '+']['Sox2', 'Tbx3', '+']['Tfcp2l1', 'Sall4', '+']['Sall4', 'Tfcp2l1', '+']['Stat3', 'Tcf3', '-']['Tcf3', 'Stat3', '-']['Stat3', 'Sox2', '-']['Sox2', 'Stat3', '-']['Sall4', 'Sox2', '+']['Sox2', 'Sall4', '+']['Tcf3', 'Nanog', '+']['Nanog', 'Tcf3', '+']
	selected_interactions = 0000010110110000011010010010010010101101001110000000011001001001011000
MSG: > GRFs: 
	grf_Tcf3 = 16
	grf_MEKERK = 17
	grf_Oct4 = 13
	grf_Sall4 = 3
	grf_Sox2 = 11
	grf_Tbx3 = 3
	grf_Klf2 = 8
	grf_Nanog = 4
	grf_Esrrb = 4
	grf_Tfcp2l1 = 6
	grf_Gbx2 = 7
	grf_Klf4 = 5
	grf_Stat3 = 7
	grf_PD = 8
	grf_CH = 1
	grf_LIF = 12
MSG: ____________________________________

MSG: 
TIME = 104656.38 sec

MSG: CHECKING TIME = 2551.92 sec

MSG: Model no. 3 found:
MSG: > Interaction vector: 
MSG: ['Esrrb', 'Klf2', '-']['Klf2', 'Esrrb', '-']['Esrrb', 'Klf4', '+']['Klf4', 'Esrrb', '+']['Esrrb', 'Nanog', '+']['Nanog', 'Esrrb', '+']['Esrrb', 'Oct4', '-']['Oct4', 'Esrrb', '-']['Esrrb', 'Tbx3', '+']['Tbx3', 'Esrrb', '+']['Esrrb', 'Tfcp2l1', '+']['Tfcp2l1', 'Esrrb', '+']['Esrrb', 'Stat3', '+']['Stat3', 'Esrrb', '+']['Esrrb', 'Gbx2', '+']['Gbx2', 'Esrrb', '+']['Klf2', 'Klf4', '+']['Klf4', 'Klf2', '+']['Klf2', 'Nanog', '+']['Nanog', 'Klf2', '+']['Klf2', 'Oct4', '+']['Oct4', 'Klf2', '+']['Klf2', 'Tbx3', '-']['Tbx3', 'Klf2', '-']['Klf2', 'Tfcp2l1', '-']['Tfcp2l1', 'Klf2', '-']['Klf2', 'Gbx2', '-']['Gbx2', 'Klf2', '-']['Klf2', 'Sall4', '+']['Sall4', 'Klf2', '+']['Klf2', 'Tcf3', '+']['Tcf3', 'Klf2', '+']['Klf4', 'Tbx3', '+']['Tbx3', 'Klf4', '+']['Klf4', 'Tfcp2l1', '+']['Tfcp2l1', 'Klf4', '+']['Klf4', 'Gbx2', '+']['Gbx2', 'Klf4', '+']['Nanog', 'Oct4', '+']['Oct4', 'Nanog', '+']['Nanog', 'Tfcp2l1', '+']['Tfcp2l1', 'Nanog', '+']['Nanog', 'Sox2', '+']['Sox2', 'Nanog', '+']['Oct4', 'Tfcp2l1', '-']['Tfcp2l1', 'Oct4', '-']['Oct4', 'Gbx2', '-']['Gbx2', 'Oct4', '-']['Oct4', 'Tcf3', '+']['Tcf3', 'Oct4', '+']['Tbx3', 'Tfcp2l1', '+']['Tfcp2l1', 'Tbx3', '+']['Tbx3', 'Gbx2', '+']['Gbx2', 'Tbx3', '+']['Tbx3', 'Sall4', '+']['Sall4', 'Tbx3', '+']['Tbx3', 'Tcf3', '-']['Tcf3', 'Tbx3', '-']['Tbx3', 'Sox2', '+']['Sox2', 'Tbx3', '+']['Tfcp2l1', 'Sall4', '+']['Sall4', 'Tfcp2l1', '+']['Stat3', 'Tcf3', '-']['Tcf3', 'Stat3', '-']['Stat3', 'Sox2', '-']['Sox2', 'Stat3', '-']['Sall4', 'Sox2', '+']['Sox2', 'Sall4', '+']['Tcf3', 'Nanog', '+']['Nanog', 'Tcf3', '+']
	selected_interactions = 0100011110110000010010100110010000101101001010000000000101101000000100
MSG: > GRFs: 
	grf_Tcf3 = 16
	grf_MEKERK = 17
	grf_Oct4 = 8
	grf_Sall4 = 4
	grf_Sox2 = 7
	grf_Tbx3 = 7
	grf_Klf2 = 8
	grf_Nanog = 8
	grf_Esrrb = 4
	grf_Tfcp2l1 = 6
	grf_Gbx2 = 7
	grf_Klf4 = 15
	grf_Stat3 = 12
	grf_PD = 12
	grf_CH = 10
	grf_LIF = 14
MSG: ____________________________________

MSG: 
TIME = 2553.25 sec

MSG: CHECKING TIME = 13.17 sec

MSG: Model no. 4 found:
MSG: > Interaction vector: 
MSG: ['Esrrb', 'Klf2', '-']['Klf2', 'Esrrb', '-']['Esrrb', 'Klf4', '+']['Klf4', 'Esrrb', '+']['Esrrb', 'Nanog', '+']['Nanog', 'Esrrb', '+']['Esrrb', 'Oct4', '-']['Oct4', 'Esrrb', '-']['Esrrb', 'Tbx3', '+']['Tbx3', 'Esrrb', '+']['Esrrb', 'Tfcp2l1', '+']['Tfcp2l1', 'Esrrb', '+']['Esrrb', 'Stat3', '+']['Stat3', 'Esrrb', '+']['Esrrb', 'Gbx2', '+']['Gbx2', 'Esrrb', '+']['Klf2', 'Klf4', '+']['Klf4', 'Klf2', '+']['Klf2', 'Nanog', '+']['Nanog', 'Klf2', '+']['Klf2', 'Oct4', '+']['Oct4', 'Klf2', '+']['Klf2', 'Tbx3', '-']['Tbx3', 'Klf2', '-']['Klf2', 'Tfcp2l1', '-']['Tfcp2l1', 'Klf2', '-']['Klf2', 'Gbx2', '-']['Gbx2', 'Klf2', '-']['Klf2', 'Sall4', '+']['Sall4', 'Klf2', '+']['Klf2', 'Tcf3', '+']['Tcf3', 'Klf2', '+']['Klf4', 'Tbx3', '+']['Tbx3', 'Klf4', '+']['Klf4', 'Tfcp2l1', '+']['Tfcp2l1', 'Klf4', '+']['Klf4', 'Gbx2', '+']['Gbx2', 'Klf4', '+']['Nanog', 'Oct4', '+']['Oct4', 'Nanog', '+']['Nanog', 'Tfcp2l1', '+']['Tfcp2l1', 'Nanog', '+']['Nanog', 'Sox2', '+']['Sox2', 'Nanog', '+']['Oct4', 'Tfcp2l1', '-']['Tfcp2l1', 'Oct4', '-']['Oct4', 'Gbx2', '-']['Gbx2', 'Oct4', '-']['Oct4', 'Tcf3', '+']['Tcf3', 'Oct4', '+']['Tbx3', 'Tfcp2l1', '+']['Tfcp2l1', 'Tbx3', '+']['Tbx3', 'Gbx2', '+']['Gbx2', 'Tbx3', '+']['Tbx3', 'Sall4', '+']['Sall4', 'Tbx3', '+']['Tbx3', 'Tcf3', '-']['Tcf3', 'Tbx3', '-']['Tbx3', 'Sox2', '+']['Sox2', 'Tbx3', '+']['Tfcp2l1', 'Sall4', '+']['Sall4', 'Tfcp2l1', '+']['Stat3', 'Tcf3', '-']['Tcf3', 'Stat3', '-']['Stat3', 'Sox2', '-']['Sox2', 'Stat3', '-']['Sall4', 'Sox2', '+']['Sox2', 'Sall4', '+']['Tcf3', 'Nanog', '+']['Nanog', 'Tcf3', '+']
	selected_interactions = 0000011010110000010010100110010000101101001010000000000101101000000100
MSG: > GRFs: 
	grf_Tcf3 = 16
	grf_MEKERK = 17
	grf_Oct4 = 8
	grf_Sall4 = 4
	grf_Sox2 = 7
	grf_Tbx3 = 7
	grf_Klf2 = 8
	grf_Nanog = 8
	grf_Esrrb = 4
	grf_Tfcp2l1 = 6
	grf_Gbx2 = 7
	grf_Klf4 = 15
	grf_Stat3 = 12
	grf_PD = 12
	grf_CH = 10
	grf_LIF = 14
MSG: ____________________________________

MSG: 
TIME = 14.47 sec

MSG: CHECKING TIME = 11.08 sec

MSG: Model no. 5 found:
MSG: > Interaction vector: 
MSG: ['Esrrb', 'Klf2', '-']['Klf2', 'Esrrb', '-']['Esrrb', 'Klf4', '+']['Klf4', 'Esrrb', '+']['Esrrb', 'Nanog', '+']['Nanog', 'Esrrb', '+']['Esrrb', 'Oct4', '-']['Oct4', 'Esrrb', '-']['Esrrb', 'Tbx3', '+']['Tbx3', 'Esrrb', '+']['Esrrb', 'Tfcp2l1', '+']['Tfcp2l1', 'Esrrb', '+']['Esrrb', 'Stat3', '+']['Stat3', 'Esrrb', '+']['Esrrb', 'Gbx2', '+']['Gbx2', 'Esrrb', '+']['Klf2', 'Klf4', '+']['Klf4', 'Klf2', '+']['Klf2', 'Nanog', '+']['Nanog', 'Klf2', '+']['Klf2', 'Oct4', '+']['Oct4', 'Klf2', '+']['Klf2', 'Tbx3', '-']['Tbx3', 'Klf2', '-']['Klf2', 'Tfcp2l1', '-']['Tfcp2l1', 'Klf2', '-']['Klf2', 'Gbx2', '-']['Gbx2', 'Klf2', '-']['Klf2', 'Sall4', '+']['Sall4', 'Klf2', '+']['Klf2', 'Tcf3', '+']['Tcf3', 'Klf2', '+']['Klf4', 'Tbx3', '+']['Tbx3', 'Klf4', '+']['Klf4', 'Tfcp2l1', '+']['Tfcp2l1', 'Klf4', '+']['Klf4', 'Gbx2', '+']['Gbx2', 'Klf4', '+']['Nanog', 'Oct4', '+']['Oct4', 'Nanog', '+']['Nanog', 'Tfcp2l1', '+']['Tfcp2l1', 'Nanog', '+']['Nanog', 'Sox2', '+']['Sox2', 'Nanog', '+']['Oct4', 'Tfcp2l1', '-']['Tfcp2l1', 'Oct4', '-']['Oct4', 'Gbx2', '-']['Gbx2', 'Oct4', '-']['Oct4', 'Tcf3', '+']['Tcf3', 'Oct4', '+']['Tbx3', 'Tfcp2l1', '+']['Tfcp2l1', 'Tbx3', '+']['Tbx3', 'Gbx2', '+']['Gbx2', 'Tbx3', '+']['Tbx3', 'Sall4', '+']['Sall4', 'Tbx3', '+']['Tbx3', 'Tcf3', '-']['Tcf3', 'Tbx3', '-']['Tbx3', 'Sox2', '+']['Sox2', 'Tbx3', '+']['Tfcp2l1', 'Sall4', '+']['Sall4', 'Tfcp2l1', '+']['Stat3', 'Tcf3', '-']['Tcf3', 'Stat3', '-']['Stat3', 'Sox2', '-']['Sox2', 'Stat3', '-']['Sall4', 'Sox2', '+']['Sox2', 'Sall4', '+']['Tcf3', 'Nanog', '+']['Nanog', 'Tcf3', '+']
	selected_interactions = 0000010010110000010010100110010000101101001010000000000101101000000100
MSG: > GRFs: 
	grf_Tcf3 = 16
	grf_MEKERK = 17
	grf_Oct4 = 6
	grf_Sall4 = 4
	grf_Sox2 = 7
	grf_Tbx3 = 7
	grf_Klf2 = 8
	grf_Nanog = 8
	grf_Esrrb = 4
	grf_Tfcp2l1 = 6
	grf_Gbx2 = 7
	grf_Klf4 = 15
	grf_Stat3 = 12
	grf_PD = 12
	grf_CH = 10
	grf_LIF = 14
MSG: ____________________________________

MSG: 
TIME = 12.41 sec

MSG: CHECKING TIME = 164.54 sec

MSG: Model no. 6 found:
MSG: > Interaction vector: 
MSG: ['Esrrb', 'Klf2', '-']['Klf2', 'Esrrb', '-']['Esrrb', 'Klf4', '+']['Klf4', 'Esrrb', '+']['Esrrb', 'Nanog', '+']['Nanog', 'Esrrb', '+']['Esrrb', 'Oct4', '-']['Oct4', 'Esrrb', '-']['Esrrb', 'Tbx3', '+']['Tbx3', 'Esrrb', '+']['Esrrb', 'Tfcp2l1', '+']['Tfcp2l1', 'Esrrb', '+']['Esrrb', 'Stat3', '+']['Stat3', 'Esrrb', '+']['Esrrb', 'Gbx2', '+']['Gbx2', 'Esrrb', '+']['Klf2', 'Klf4', '+']['Klf4', 'Klf2', '+']['Klf2', 'Nanog', '+']['Nanog', 'Klf2', '+']['Klf2', 'Oct4', '+']['Oct4', 'Klf2', '+']['Klf2', 'Tbx3', '-']['Tbx3', 'Klf2', '-']['Klf2', 'Tfcp2l1', '-']['Tfcp2l1', 'Klf2', '-']['Klf2', 'Gbx2', '-']['Gbx2', 'Klf2', '-']['Klf2', 'Sall4', '+']['Sall4', 'Klf2', '+']['Klf2', 'Tcf3', '+']['Tcf3', 'Klf2', '+']['Klf4', 'Tbx3', '+']['Tbx3', 'Klf4', '+']['Klf4', 'Tfcp2l1', '+']['Tfcp2l1', 'Klf4', '+']['Klf4', 'Gbx2', '+']['Gbx2', 'Klf4', '+']['Nanog', 'Oct4', '+']['Oct4', 'Nanog', '+']['Nanog', 'Tfcp2l1', '+']['Tfcp2l1', 'Nanog', '+']['Nanog', 'Sox2', '+']['Sox2', 'Nanog', '+']['Oct4', 'Tfcp2l1', '-']['Tfcp2l1', 'Oct4', '-']['Oct4', 'Gbx2', '-']['Gbx2', 'Oct4', '-']['Oct4', 'Tcf3', '+']['Tcf3', 'Oct4', '+']['Tbx3', 'Tfcp2l1', '+']['Tfcp2l1', 'Tbx3', '+']['Tbx3', 'Gbx2', '+']['Gbx2', 'Tbx3', '+']['Tbx3', 'Sall4', '+']['Sall4', 'Tbx3', '+']['Tbx3', 'Tcf3', '-']['Tcf3', 'Tbx3', '-']['Tbx3', 'Sox2', '+']['Sox2', 'Tbx3', '+']['Tfcp2l1', 'Sall4', '+']['Sall4', 'Tfcp2l1', '+']['Stat3', 'Tcf3', '-']['Tcf3', 'Stat3', '-']['Stat3', 'Sox2', '-']['Sox2', 'Stat3', '-']['Sall4', 'Sox2', '+']['Sox2', 'Sall4', '+']['Tcf3', 'Nanog', '+']['Nanog', 'Tcf3', '+']
	selected_interactions = 1100010010110000010010100110010000101101001010000000000101101000010100
MSG: > GRFs: 
	grf_Tcf3 = 16
	grf_MEKERK = 17
	grf_Oct4 = 6
	grf_Sall4 = 4
	grf_Sox2 = 7
	grf_Tbx3 = 7
	grf_Klf2 = 8
	grf_Nanog = 8
	grf_Esrrb = 4
	grf_Tfcp2l1 = 6
	grf_Gbx2 = 7
	grf_Klf4 = 15
	grf_Stat3 = 5
	grf_PD = 12
	grf_CH = 3
	grf_LIF = 5
MSG: ____________________________________

MSG: 
TIME = 165.87 sec

MSG: CHECKING TIME = 15.99 sec

MSG: Model no. 7 found:
MSG: > Interaction vector: 
MSG: ['Esrrb', 'Klf2', '-']['Klf2', 'Esrrb', '-']['Esrrb', 'Klf4', '+']['Klf4', 'Esrrb', '+']['Esrrb', 'Nanog', '+']['Nanog', 'Esrrb', '+']['Esrrb', 'Oct4', '-']['Oct4', 'Esrrb', '-']['Esrrb', 'Tbx3', '+']['Tbx3', 'Esrrb', '+']['Esrrb', 'Tfcp2l1', '+']['Tfcp2l1', 'Esrrb', '+']['Esrrb', 'Stat3', '+']['Stat3', 'Esrrb', '+']['Esrrb', 'Gbx2', '+']['Gbx2', 'Esrrb', '+']['Klf2', 'Klf4', '+']['Klf4', 'Klf2', '+']['Klf2', 'Nanog', '+']['Nanog', 'Klf2', '+']['Klf2', 'Oct4', '+']['Oct4', 'Klf2', '+']['Klf2', 'Tbx3', '-']['Tbx3', 'Klf2', '-']['Klf2', 'Tfcp2l1', '-']['Tfcp2l1', 'Klf2', '-']['Klf2', 'Gbx2', '-']['Gbx2', 'Klf2', '-']['Klf2', 'Sall4', '+']['Sall4', 'Klf2', '+']['Klf2', 'Tcf3', '+']['Tcf3', 'Klf2', '+']['Klf4', 'Tbx3', '+']['Tbx3', 'Klf4', '+']['Klf4', 'Tfcp2l1', '+']['Tfcp2l1', 'Klf4', '+']['Klf4', 'Gbx2', '+']['Gbx2', 'Klf4', '+']['Nanog', 'Oct4', '+']['Oct4', 'Nanog', '+']['Nanog', 'Tfcp2l1', '+']['Tfcp2l1', 'Nanog', '+']['Nanog', 'Sox2', '+']['Sox2', 'Nanog', '+']['Oct4', 'Tfcp2l1', '-']['Tfcp2l1', 'Oct4', '-']['Oct4', 'Gbx2', '-']['Gbx2', 'Oct4', '-']['Oct4', 'Tcf3', '+']['Tcf3', 'Oct4', '+']['Tbx3', 'Tfcp2l1', '+']['Tfcp2l1', 'Tbx3', '+']['Tbx3', 'Gbx2', '+']['Gbx2', 'Tbx3', '+']['Tbx3', 'Sall4', '+']['Sall4', 'Tbx3', '+']['Tbx3', 'Tcf3', '-']['Tcf3', 'Tbx3', '-']['Tbx3', 'Sox2', '+']['Sox2', 'Tbx3', '+']['Tfcp2l1', 'Sall4', '+']['Sall4', 'Tfcp2l1', '+']['Stat3', 'Tcf3', '-']['Tcf3', 'Stat3', '-']['Stat3', 'Sox2', '-']['Sox2', 'Stat3', '-']['Sall4', 'Sox2', '+']['Sox2', 'Sall4', '+']['Tcf3', 'Nanog', '+']['Nanog', 'Tcf3', '+']
	selected_interactions = 1100010010110000010010100010010000101101001010000000000101101000010100
MSG: > GRFs: 
	grf_Tcf3 = 16
	grf_MEKERK = 17
	grf_Oct4 = 6
	grf_Sall4 = 4
	grf_Sox2 = 7
	grf_Tbx3 = 7
	grf_Klf2 = 8
	grf_Nanog = 8
	grf_Esrrb = 4
	grf_Tfcp2l1 = 6
	grf_Gbx2 = 7
	grf_Klf4 = 15
	grf_Stat3 = 5
	grf_PD = 12
	grf_CH = 3
	grf_LIF = 5
MSG: ____________________________________

MSG: 
TIME = 17.39 sec

MSG: CHECKING TIME = 26.91 sec

MSG: Model no. 8 found:
MSG: > Interaction vector: 
MSG: ['Esrrb', 'Klf2', '-']['Klf2', 'Esrrb', '-']['Esrrb', 'Klf4', '+']['Klf4', 'Esrrb', '+']['Esrrb', 'Nanog', '+']['Nanog', 'Esrrb', '+']['Esrrb', 'Oct4', '-']['Oct4', 'Esrrb', '-']['Esrrb', 'Tbx3', '+']['Tbx3', 'Esrrb', '+']['Esrrb', 'Tfcp2l1', '+']['Tfcp2l1', 'Esrrb', '+']['Esrrb', 'Stat3', '+']['Stat3', 'Esrrb', '+']['Esrrb', 'Gbx2', '+']['Gbx2', 'Esrrb', '+']['Klf2', 'Klf4', '+']['Klf4', 'Klf2', '+']['Klf2', 'Nanog', '+']['Nanog', 'Klf2', '+']['Klf2', 'Oct4', '+']['Oct4', 'Klf2', '+']['Klf2', 'Tbx3', '-']['Tbx3', 'Klf2', '-']['Klf2', 'Tfcp2l1', '-']['Tfcp2l1', 'Klf2', '-']['Klf2', 'Gbx2', '-']['Gbx2', 'Klf2', '-']['Klf2', 'Sall4', '+']['Sall4', 'Klf2', '+']['Klf2', 'Tcf3', '+']['Tcf3', 'Klf2', '+']['Klf4', 'Tbx3', '+']['Tbx3', 'Klf4', '+']['Klf4', 'Tfcp2l1', '+']['Tfcp2l1', 'Klf4', '+']['Klf4', 'Gbx2', '+']['Gbx2', 'Klf4', '+']['Nanog', 'Oct4', '+']['Oct4', 'Nanog', '+']['Nanog', 'Tfcp2l1', '+']['Tfcp2l1', 'Nanog', '+']['Nanog', 'Sox2', '+']['Sox2', 'Nanog', '+']['Oct4', 'Tfcp2l1', '-']['Tfcp2l1', 'Oct4', '-']['Oct4', 'Gbx2', '-']['Gbx2', 'Oct4', '-']['Oct4', 'Tcf3', '+']['Tcf3', 'Oct4', '+']['Tbx3', 'Tfcp2l1', '+']['Tfcp2l1', 'Tbx3', '+']['Tbx3', 'Gbx2', '+']['Gbx2', 'Tbx3', '+']['Tbx3', 'Sall4', '+']['Sall4', 'Tbx3', '+']['Tbx3', 'Tcf3', '-']['Tcf3', 'Tbx3', '-']['Tbx3', 'Sox2', '+']['Sox2', 'Tbx3', '+']['Tfcp2l1', 'Sall4', '+']['Sall4', 'Tfcp2l1', '+']['Stat3', 'Tcf3', '-']['Tcf3', 'Stat3', '-']['Stat3', 'Sox2', '-']['Sox2', 'Stat3', '-']['Sall4', 'Sox2', '+']['Sox2', 'Sall4', '+']['Tcf3', 'Nanog', '+']['Nanog', 'Tcf3', '+']
	selected_interactions = 1100010010110000010010100011010000100101001010000000000101101000010100
MSG: > GRFs: 
	grf_Tcf3 = 16
	grf_MEKERK = 17
	grf_Oct4 = 6
	grf_Sall4 = 4
	grf_Sox2 = 7
	grf_Tbx3 = 7
	grf_Klf2 = 8
	grf_Nanog = 8
	grf_Esrrb = 4
	grf_Tfcp2l1 = 6
	grf_Gbx2 = 4
	grf_Klf4 = 15
	grf_Stat3 = 5
	grf_PD = 12
	grf_CH = 3
	grf_LIF = 5
MSG: ____________________________________

MSG: 
TIME = 28.27 sec

MSG: CHECKING TIME = 10.39 sec

MSG: Model no. 9 found:
MSG: > Interaction vector: 
MSG: ['Esrrb', 'Klf2', '-']['Klf2', 'Esrrb', '-']['Esrrb', 'Klf4', '+']['Klf4', 'Esrrb', '+']['Esrrb', 'Nanog', '+']['Nanog', 'Esrrb', '+']['Esrrb', 'Oct4', '-']['Oct4', 'Esrrb', '-']['Esrrb', 'Tbx3', '+']['Tbx3', 'Esrrb', '+']['Esrrb', 'Tfcp2l1', '+']['Tfcp2l1', 'Esrrb', '+']['Esrrb', 'Stat3', '+']['Stat3', 'Esrrb', '+']['Esrrb', 'Gbx2', '+']['Gbx2', 'Esrrb', '+']['Klf2', 'Klf4', '+']['Klf4', 'Klf2', '+']['Klf2', 'Nanog', '+']['Nanog', 'Klf2', '+']['Klf2', 'Oct4', '+']['Oct4', 'Klf2', '+']['Klf2', 'Tbx3', '-']['Tbx3', 'Klf2', '-']['Klf2', 'Tfcp2l1', '-']['Tfcp2l1', 'Klf2', '-']['Klf2', 'Gbx2', '-']['Gbx2', 'Klf2', '-']['Klf2', 'Sall4', '+']['Sall4', 'Klf2', '+']['Klf2', 'Tcf3', '+']['Tcf3', 'Klf2', '+']['Klf4', 'Tbx3', '+']['Tbx3', 'Klf4', '+']['Klf4', 'Tfcp2l1', '+']['Tfcp2l1', 'Klf4', '+']['Klf4', 'Gbx2', '+']['Gbx2', 'Klf4', '+']['Nanog', 'Oct4', '+']['Oct4', 'Nanog', '+']['Nanog', 'Tfcp2l1', '+']['Tfcp2l1', 'Nanog', '+']['Nanog', 'Sox2', '+']['Sox2', 'Nanog', '+']['Oct4', 'Tfcp2l1', '-']['Tfcp2l1', 'Oct4', '-']['Oct4', 'Gbx2', '-']['Gbx2', 'Oct4', '-']['Oct4', 'Tcf3', '+']['Tcf3', 'Oct4', '+']['Tbx3', 'Tfcp2l1', '+']['Tfcp2l1', 'Tbx3', '+']['Tbx3', 'Gbx2', '+']['Gbx2', 'Tbx3', '+']['Tbx3', 'Sall4', '+']['Sall4', 'Tbx3', '+']['Tbx3', 'Tcf3', '-']['Tcf3', 'Tbx3', '-']['Tbx3', 'Sox2', '+']['Sox2', 'Tbx3', '+']['Tfcp2l1', 'Sall4', '+']['Sall4', 'Tfcp2l1', '+']['Stat3', 'Tcf3', '-']['Tcf3', 'Stat3', '-']['Stat3', 'Sox2', '-']['Sox2', 'Stat3', '-']['Sall4', 'Sox2', '+']['Sox2', 'Sall4', '+']['Tcf3', 'Nanog', '+']['Nanog', 'Tcf3', '+']
	selected_interactions = 1100010010110000010010100011010000101101001010000000000101101000010100
MSG: > GRFs: 
	grf_Tcf3 = 16
	grf_MEKERK = 17
	grf_Oct4 = 6
	grf_Sall4 = 4
	grf_Sox2 = 7
	grf_Tbx3 = 7
	grf_Klf2 = 8
	grf_Nanog = 8
	grf_Esrrb = 4
	grf_Tfcp2l1 = 6
	grf_Gbx2 = 4
	grf_Klf4 = 15
	grf_Stat3 = 5
	grf_PD = 12
	grf_CH = 3
	grf_LIF = 5
MSG: ____________________________________

MSG: 
TIME = 11.76 sec

MSG: CHECKING TIME = 10.37 sec

MSG: Model no. 10 found:
MSG: > Interaction vector: 
MSG: ['Esrrb', 'Klf2', '-']['Klf2', 'Esrrb', '-']['Esrrb', 'Klf4', '+']['Klf4', 'Esrrb', '+']['Esrrb', 'Nanog', '+']['Nanog', 'Esrrb', '+']['Esrrb', 'Oct4', '-']['Oct4', 'Esrrb', '-']['Esrrb', 'Tbx3', '+']['Tbx3', 'Esrrb', '+']['Esrrb', 'Tfcp2l1', '+']['Tfcp2l1', 'Esrrb', '+']['Esrrb', 'Stat3', '+']['Stat3', 'Esrrb', '+']['Esrrb', 'Gbx2', '+']['Gbx2', 'Esrrb', '+']['Klf2', 'Klf4', '+']['Klf4', 'Klf2', '+']['Klf2', 'Nanog', '+']['Nanog', 'Klf2', '+']['Klf2', 'Oct4', '+']['Oct4', 'Klf2', '+']['Klf2', 'Tbx3', '-']['Tbx3', 'Klf2', '-']['Klf2', 'Tfcp2l1', '-']['Tfcp2l1', 'Klf2', '-']['Klf2', 'Gbx2', '-']['Gbx2', 'Klf2', '-']['Klf2', 'Sall4', '+']['Sall4', 'Klf2', '+']['Klf2', 'Tcf3', '+']['Tcf3', 'Klf2', '+']['Klf4', 'Tbx3', '+']['Tbx3', 'Klf4', '+']['Klf4', 'Tfcp2l1', '+']['Tfcp2l1', 'Klf4', '+']['Klf4', 'Gbx2', '+']['Gbx2', 'Klf4', '+']['Nanog', 'Oct4', '+']['Oct4', 'Nanog', '+']['Nanog', 'Tfcp2l1', '+']['Tfcp2l1', 'Nanog', '+']['Nanog', 'Sox2', '+']['Sox2', 'Nanog', '+']['Oct4', 'Tfcp2l1', '-']['Tfcp2l1', 'Oct4', '-']['Oct4', 'Gbx2', '-']['Gbx2', 'Oct4', '-']['Oct4', 'Tcf3', '+']['Tcf3', 'Oct4', '+']['Tbx3', 'Tfcp2l1', '+']['Tfcp2l1', 'Tbx3', '+']['Tbx3', 'Gbx2', '+']['Gbx2', 'Tbx3', '+']['Tbx3', 'Sall4', '+']['Sall4', 'Tbx3', '+']['Tbx3', 'Tcf3', '-']['Tcf3', 'Tbx3', '-']['Tbx3', 'Sox2', '+']['Sox2', 'Tbx3', '+']['Tfcp2l1', 'Sall4', '+']['Sall4', 'Tfcp2l1', '+']['Stat3', 'Tcf3', '-']['Tcf3', 'Stat3', '-']['Stat3', 'Sox2', '-']['Sox2', 'Stat3', '-']['Sall4', 'Sox2', '+']['Sox2', 'Sall4', '+']['Tcf3', 'Nanog', '+']['Nanog', 'Tcf3', '+']
	selected_interactions = 1100010010110000010010100011010000101101001010010000000101101000010100
MSG: > GRFs: 
	grf_Tcf3 = 16
	grf_MEKERK = 17
	grf_Oct4 = 8
	grf_Sall4 = 4
	grf_Sox2 = 7
	grf_Tbx3 = 7
	grf_Klf2 = 8
	grf_Nanog = 8
	grf_Esrrb = 4
	grf_Tfcp2l1 = 6
	grf_Gbx2 = 4
	grf_Klf4 = 15
	grf_Stat3 = 5
	grf_PD = 12
	grf_CH = 3
	grf_LIF = 5
MSG: ____________________________________

MSG: Wrote GRFs in result_pluripotency_model_expanded.net.txt
MSG: Simplify file result_pluripotency_model_expanded.net_model1.txt
MSG: Simplify file result_pluripotency_model_expanded.net_model2.txt
MSG: Simplify file result_pluripotency_model_expanded.net_model3.txt
MSG: Simplify file result_pluripotency_model_expanded.net_model4.txt
MSG: Simplify file result_pluripotency_model_expanded.net_model5.txt
MSG: Simplify file result_pluripotency_model_expanded.net_model6.txt
MSG: Simplify file result_pluripotency_model_expanded.net_model7.txt
MSG: Simplify file result_pluripotency_model_expanded.net_model8.txt
MSG: Simplify file result_pluripotency_model_expanded.net_model9.txt
MSG: Simplify file result_pluripotency_model_expanded.net_model10.txt
MSG: Simplified functions.
