MSG: --------- EXPERIMENT 'LineageOne'
MSG: --------- EXPERIMENT 'LineageTwo'
MSG: --------- EXPERIMENT 'LineageThree'
MSG: --------- EXPERIMENT 'LineageFour'
MSG: 
TIME = 83.26 sec

MSG: CHECKING TIME = 116.91 sec

MSG: Model no. 1 found:
MSG: > Interaction vector: 
MSG: ['Ebf1_gene_CM11009506', 'Ebf1_gene', '+']['Ebf1_gene_CM11009484', 'Ebf1_gene', '+']['Ebf1_gene_CM11009482', 'Ebf1_gene', '+']['Ebf1_gene_CM11009431', 'Ebf1_gene', '+']['Ebf1_gene_CM11009430', 'Ebf1_gene', '+']['Ebf1_gene_CM11009429', 'Ebf1_gene', '+']['Ebf1_gene_CM11009375', 'Ebf1_gene', '+']['Ebf1_gene_CM11009374', 'Ebf1_gene', '+']['Ebf1_gene_CM11009373', 'Ebf1_gene', '+']['Ebf1_gene_CM11009372', 'Ebf1_gene', '+']['Ebf1_gene_CM11009363', 'Ebf1_gene', '+']['Ebf1_gene_CM11009362', 'Ebf1_gene', '+']['Ebf1_gene_CM11009348', 'Ebf1_gene', '+']['Ebf1_gene_CM11009346', 'Ebf1_gene', '+']['Mef2c_CM13016553', 'Mef2c', '+']['Mef2c_CM13016544', 'Mef2c', '+']['Mef2c_CM13016543', 'Mef2c', '+']['Mef2c_CM13016542', 'Mef2c', '+']['Ikzf1_CM11001393', 'Ikzf1', '+']['Ikzf1_CM11001392', 'Ikzf1', '+']['Runx1_CM16019123', 'Runx1', '+']['Runx1_CM16019122', 'Runx1', '+']['Runx1_CM16019121', 'Runx1', '+']['Runx1_CM16019077', 'Runx1', '+']['Egr2_CM10012850', 'Egr2', '+']['Egr2_CM10012848', 'Egr2', '+']
	selected_interactions = 00000000000000111100111111
MSG: > GRFs: 
	grf_Mac1_gene = 4
	grf_Mac1 = 4
	grf_Id2 = 0
	grf_Egr2 = 7
	grf_Cebpb = 12
	grf_Cebpa_gene = 0
	grf_Cebpa = 8
	grf_Csf1r = 0
	grf_Csf1r_act = 4
	grf_Spi11 = 7
	grf_Spi12 = 12
	grf_Runx1 = 4
	grf_Gfi1 = 9
	grf_Ikzf1 = 8
	grf_Flt3 = 0
	grf_Mef2c = 0
	grf_Ets1 = 0
	grf_Il7ra = 3
	grf_Il7r_act = 4
	grf_E2a_gene = 2
	grf_E2a = 4
	grf_E2a_prot_Active = 0
	grf_Foxo1_gene = 0
	grf_Foxo1 = 4
	grf_Ebf1 = 4
	grf_Ebf1_gene = 11
	grf_Pax5_gene = 0
	grf_Pax5 = 4
	grf_Pax5_prot_active = 0
	grf_Cd19_gene = 0
	grf_Cd19 = 4
	grf_Csf1 = 17
	grf_Il7 = 12
	grf_Cebpa_ER = 4
	grf_Egr2_CM10012848 = 6
	grf_Egr2_CM10012850 = 17
	grf_Runx1_CM16019077 = 14
	grf_Runx1_CM16019121 = 12
	grf_Runx1_CM16019122 = 11
	grf_Runx1_CM16019123 = 2
	grf_Ikzf1_CM11001392 = 14
	grf_Ikzf1_CM11001393 = 9
	grf_Mef2c_CM13016542 = 3
	grf_Mef2c_CM13016543 = 16
	grf_Mef2c_CM13016544 = 9
	grf_Mef2c_CM13016553 = 16
	grf_Ebf1_gene_CM11009346 = 11
	grf_Ebf1_gene_CM11009348 = 9
	grf_Ebf1_gene_CM11009362 = 3
	grf_Ebf1_gene_CM11009363 = 0
	grf_Ebf1_gene_CM11009372 = 17
	grf_Ebf1_gene_CM11009373 = 7
	grf_Ebf1_gene_CM11009374 = 0
	grf_Ebf1_gene_CM11009375 = 8
	grf_Ebf1_gene_CM11009429 = 4
	grf_Ebf1_gene_CM11009430 = 14
	grf_Ebf1_gene_CM11009431 = 9
	grf_Ebf1_gene_CM11009482 = 8
	grf_Ebf1_gene_CM11009484 = 12
	grf_Ebf1_gene_CM11009506 = 11
MSG: ____________________________________

MSG: Maximum number of solutions reached.

MSG: There are solutions.

MSG: Wrote GRFs in result_collombet_collombet-partial+_expanded.net.txt
MSG: Simplify file result_collombet_collombet-partial+_expanded.net_model1.txt
MSG: Simplified functions.
